<?xml version="1.0" encoding="UTF-8"?>
<!-- Generated by org.testng.reporters.JUnitReportReporter -->
<testsuite skipped="0" hostname="DESKTOP-BPNON4T" name="com.guru.test.LoginPageTest" tests="3" failures="0" timestamp="09 Jul 2020 18:33:38 GMT" time="26.683" errors="0">
  <testcase name="loginTest" time="8.936" classname="com.guru.test.LoginPageTest"/>
  <testcase name="verifyLoginPageTitleTest" time="9.091" classname="com.guru.test.LoginPageTest"/>
  <testcase name="validateGuru99LogoTest" time="8.656" classname="com.guru.test.LoginPageTest"/>
</testsuite> <!-- com.guru.test.LoginPageTest -->
